Línea 77: la clase AOLibre.uAOButton del control imgSalir no era una clase de control cargada.
Línea 103: la clase AOLibre.uAOButton del control imgCrearCuenta no era una clase de control cargada.
Línea 83: el nombre de la propiedad _ExtentX de imgSalir no es válido.
Línea 84: el nombre de la propiedad _ExtentY de imgSalir no es válido.
Línea 85: el nombre de la propiedad TX de imgSalir no es válido.
Línea 86: el nombre de la propiedad ENAB de imgSalir no es válido.
Línea 87: el nombre de la propiedad FCOL de imgSalir no es válido.
Línea 88: el nombre de la propiedad OCOL de imgSalir no es válido.
Línea 89: el nombre de la propiedad PICE de imgSalir no es válido.
Línea 90: el nombre de la propiedad PICF de imgSalir no es válido.
Línea 91: el nombre de la propiedad PICH de imgSalir no es válido.
Línea 92: el nombre de la propiedad PICV de imgSalir no es válido.
Línea 109: el nombre de la propiedad _ExtentX de imgCrearCuenta no es válido.
Línea 110: el nombre de la propiedad _ExtentY de imgCrearCuenta no es válido.
Línea 111: el nombre de la propiedad TX de imgCrearCuenta no es válido.
Línea 112: el nombre de la propiedad ENAB de imgCrearCuenta no es válido.
Línea 113: el nombre de la propiedad FCOL de imgCrearCuenta no es válido.
Línea 114: el nombre de la propiedad OCOL de imgCrearCuenta no es válido.
Línea 115: el nombre de la propiedad PICE de imgCrearCuenta no es válido.
Línea 116: el nombre de la propiedad PICF de imgCrearCuenta no es válido.
Línea 117: el nombre de la propiedad PICH de imgCrearCuenta no es válido.
Línea 118: el nombre de la propiedad PICV de imgCrearCuenta no es válido.
